2009-12-05 10:53:52,750 [main] WARN  [org.hibernate.cfg.SettingsFactory] - Could not obtain connection to query metadata
java.sql.SQLException: Network error IOException: Connection timed out: connect
	at net.sourceforge.jtds.jdbc.ConnectionJDBC2.<init>(ConnectionJDBC2.java:372)
	at net.sourceforge.jtds.jdbc.ConnectionJDBC3.<init>(ConnectionJDBC3.java:50)
	at net.sourceforge.jtds.jdbc.Driver.connect(Driver.java:183)
	at java.sql.DriverManager.getConnection(DriverManager.java:582)
	at java.sql.DriverManager.getConnection(DriverManager.java:154)
	at org.hibernate.connection.DriverManagerConnectionProvider.getConnection(DriverManagerConnectionProvider.java:133)
	at org.hibernate.cfg.SettingsFactory.buildSettings(SettingsFactory.java:111)
	at org.hibernate.cfg.Configuration.buildSettingsInternal(Configuration.java:2119)
	at org.hibernate.cfg.Configuration.buildSettings(Configuration.java:2111)
	at org.hibernate.cfg.JDBCMetaDataConfiguration.readFromJDBC(JDBCMetaDataConfiguration.java:40)
	at org.hibernate.tool.ant.JDBCConfigurationTask.doConfiguration(JDBCConfigurationTask.java:83)
	at org.hibernate.tool.ant.ConfigurationTask.getConfiguration(ConfigurationTask.java:55)
	at org.hibernate.tool.ant.HibernateToolTask.getConfiguration(HibernateToolTask.java:302)
	at org.hibernate.tool.ant.HibernateToolTask.getProperties(HibernateToolTask.java:318)
	at org.hibernate.tool.ant.ExporterTask.configureExporter(ExporterTask.java:94)
	at org.hibernate.tool.ant.Hbm2JavaExporterTask.configureExporter(Hbm2JavaExporterTask.java:34)
	at org.hibernate.tool.ant.ExporterTask.execute(ExporterTask.java:39)
	at org.hibernate.tool.ant.HibernateToolTask.execute(HibernateToolTask.java:186)
	at org.apache.tools.ant.UnknownElement.execute(UnknownElement.java:288)
	at sun.reflect.NativeMethodAccessorImpl.invoke0(Native Method)
	at sun.reflect.NativeMethodAccessorImpl.invoke(NativeMethodAccessorImpl.java:39)
	at sun.reflect.DelegatingMethodAccessorImpl.invoke(DelegatingMethodAccessorImpl.java:25)
	at java.lang.reflect.Method.invoke(Method.java:597)
	at org.apache.tools.ant.dispatch.DispatchUtils.execute(DispatchUtils.java:106)
	at org.apache.tools.ant.Task.perform(Task.java:348)
	at org.apache.tools.ant.Target.execute(Target.java:357)
	at org.apache.tools.ant.Target.performTasks(Target.java:385)
	at org.apache.tools.ant.Project.executeSortedTargets(Project.java:1337)
	at org.apache.tools.ant.Project.executeTarget(Project.java:1306)
	at org.apache.tools.ant.helper.DefaultExecutor.executeTargets(DefaultExecutor.java:41)
	at org.eclipse.ant.internal.ui.antsupport.EclipseDefaultExecutor.executeTargets(EclipseDefaultExecutor.java:32)
	at org.apache.tools.ant.Project.executeTargets(Project.java:1189)
	at org.eclipse.ant.internal.ui.antsupport.InternalAntRunner.run(InternalAntRunner.java:423)
	at org.eclipse.ant.internal.ui.antsupport.InternalAntRunner.main(InternalAntRunner.java:137)
Caused by: java.net.ConnectException: Connection timed out: connect
	at java.net.PlainSocketImpl.socketConnect(Native Method)
	at java.net.PlainSocketImpl.doConnect(PlainSocketImpl.java:333)
	at java.net.PlainSocketImpl.connectToAddress(PlainSocketImpl.java:195)
	at java.net.PlainSocketImpl.connect(PlainSocketImpl.java:182)
	at java.net.SocksSocketImpl.connect(SocksSocketImpl.java:366)
	at java.net.Socket.connect(Socket.java:525)
	at sun.reflect.NativeMethodAccessorImpl.invoke0(Native Method)
	at sun.reflect.NativeMethodAccessorImpl.invoke(NativeMethodAccessorImpl.java:39)
	at sun.reflect.DelegatingMethodAccessorImpl.invoke(DelegatingMethodAccessorImpl.java:25)
	at java.lang.reflect.Method.invoke(Method.java:597)
	at net.sourceforge.jtds.jdbc.SharedSocket.<init>(SharedSocket.java:274)
	at net.sourceforge.jtds.jdbc.ConnectionJDBC2.<init>(ConnectionJDBC2.java:301)
	... 33 more
2009-12-05 10:54:30,265 [main] WARN  [org.hibernate.cfg.reveng.JDBCReader] - The JDBC driver didn't report any primary key columns in pl_resource. Asking rev.eng. strategy
2009-12-05 10:54:30,265 [main] WARN  [org.hibernate.cfg.reveng.JDBCReader] - Rev.eng. strategy did not report any primary key columns for pl_resource
